# JRE version: Java(TM) SE Runtime Environment (17.0.9+11) (build 17.0.9+11-LTS-201)
# Java VM: Java HotSpot(TM) 64-Bit Server VM (17.0.9+11-LTS-201, mixed mode, emulated-client, sharing, tiered, compressed oops, compressed class ptrs, g1 gc, windows-amd64)
GC Precious Log:
 CPUs: 16 total, 16 available
 Memory: 7971M
 Large Page Support: Disabled
 NUMA Support: Disabled
 Compressed Oops: Enabled (32-bit)
 Heap Region Size: 1M
 Heap Min Capacity: 8M
 Heap Initial Capacity: 126M
 Heap Max Capacity: 1994M
 Pre-touch: Disabled
 Parallel Workers: 13
 Concurrent Workers: 3
 Concurrent Refinement Workers: 13
 Periodic GC: Disabled
Heap:
 garbage-first heap   total 109568K, used 48002K [0x0000000083600000, 0x0000000100000000)
  region size 1024K, 18 young (18432K), 4 survivors (4096K)
 Metaspace       used 46792K, committed 47232K, reserved 1114112K
  class space    used 6641K, committed 6848K, reserved 1048576K
GC Heap History (18 events):
Event: 0.848 GC heap before
{Heap before GC invocations=0 (full 0):
 garbage-first heap   total 129024K, used 26624K [0x0000000083600000, 0x0000000100000000)
  region size 1024K, 23 young (23552K), 0 survivors (0K)
 Metaspace       used 5966K, committed 6144K, reserved 1114112K
  class space    used 729K, committed 832K, reserved 1048576K
}
Event: 0.858 GC heap after
{Heap after GC invocations=1 (full 0):
 garbage-first heap   total 129024K, used 12173K [0x0000000083600000, 0x0000000100000000)
  region size 1024K, 3 young (3072K), 3 survivors (3072K)
 Metaspace       used 5966K, committed 6144K, reserved 1114112K
  class space    used 729K, committed 832K, reserved 1048576K
}
Event: 1.205 GC heap before
{Heap before GC invocations=1 (full 0):
 garbage-first heap   total 129024K, used 36749K [0x0000000083600000, 0x0000000100000000)
  region size 1024K, 23 young (23552K), 3 survivors (3072K)
 Metaspace       used 8654K, committed 8832K, reserved 1114112K
  class space    used 1074K, committed 1152K, reserved 1048576K
}
Event: 1.211 GC heap after
{Heap after GC invocations=2 (full 0):
 garbage-first heap   total 129024K, used 16265K [0x0000000083600000, 0x0000000100000000)
  region size 1024K, 3 young (3072K), 3 survivors (3072K)
 Metaspace       used 8654K, committed 8832K, reserved 1114112K
  class space    used 1074K, committed 1152K, reserved 1048576K
}
Event: 1.872 GC heap before
{Heap before GC invocations=2 (full 0):
 garbage-first heap   total 129024K, used 59273K [0x0000000083600000, 0x0000000100000000)
  region size 1024K, 45 young (46080K), 3 survivors (3072K)
 Metaspace       used 15382K, committed 15680K, reserved 1114112K
  class space    used 2167K, committed 2304K, reserved 1048576K
}
Event: 1.879 GC heap after
{Heap after GC invocations=3 (full 0):
 garbage-first heap   total 129024K, used 19284K [0x0000000083600000, 0x0000000100000000)
  region size 1024K, 6 young (6144K), 6 survivors (6144K)
 Metaspace       used 15382K, committed 15680K, reserved 1114112K
  class space    used 2167K, committed 2304K, reserved 1048576K
}
Event: 2.177 GC heap before
{Heap before GC invocations=3 (full 0):
 garbage-first heap   total 129024K, used 51028K [0x0000000083600000, 0x0000000100000000)
  region size 1024K, 39 young (39936K), 6 survivors (6144K)
 Metaspace       used 21279K, committed 21504K, reserved 1114112K
  class space    used 2909K, committed 3008K, reserved 1048576K
}
Event: 2.184 GC heap after
{Heap after GC invocations=4 (full 0):
 garbage-first heap   total 129024K, used 21146K [0x0000000083600000, 0x0000000100000000)
  region size 1024K, 5 young (5120K), 5 survivors (5120K)
 Metaspace       used 21279K, committed 21504K, reserved 1114112K
  class space    used 2909K, committed 3008K, reserved 1048576K
}
Event: 2.696 GC heap before
{Heap before GC invocations=5 (full 0):
 garbage-first heap   total 75776K, used 60058K [0x0000000083600000, 0x0000000100000000)
  region size 1024K, 44 young (45056K), 5 survivors (5120K)
 Metaspace       used 24748K, committed 25152K, reserved 1114112K
  class space    used 3379K, committed 3584K, reserved 1048576K
}
Event: 2.703 GC heap after
{Heap after GC invocations=6 (full 0):
 garbage-first heap   total 75776K, used 25120K [0x0000000083600000, 0x0000000100000000)
  region size 1024K, 6 young (6144K), 6 survivors (6144K)
 Metaspace       used 24748K, committed 25152K, reserved 1114112K
  class space    used 3379K, committed 3584K, reserved 1048576K
}
Event: 2.716 GC heap before
{Heap before GC invocations=6 (full 0):
 garbage-first heap   total 75776K, used 26144K [0x0000000083600000, 0x0000000100000000)
  region size 1024K, 7 young (7168K), 6 survivors (6144K)
 Metaspace       used 24829K, committed 25216K, reserved 1114112K
  class space    used 3385K, committed 3584K, reserved 1048576K
}
Event: 2.723 GC heap after
{Heap after GC invocations=7 (full 0):
 garbage-first heap   total 75776K, used 25490K [0x0000000083600000, 0x0000000100000000)
  region size 1024K, 1 young (1024K), 1 survivors (1024K)
 Metaspace       used 24829K, committed 25216K, reserved 1114112K
  class space    used 3385K, committed 3584K, reserved 1048576K
}
Event: 2.987 GC heap before
{Heap before GC invocations=7 (full 0):
 garbage-first heap   total 75776K, used 53138K [0x0000000083600000, 0x0000000100000000)
  region size 1024K, 28 young (28672K), 1 survivors (1024K)
 Metaspace       used 26794K, committed 27200K, reserved 1114112K
  class space    used 3636K, committed 3840K, reserved 1048576K
}
Event: 2.993 GC heap after
{Heap after GC invocations=8 (full 0):
 garbage-first heap   total 151552K, used 26794K [0x0000000083600000, 0x0000000100000000)
  region size 1024K, 3 young (3072K), 3 survivors (3072K)
 Metaspace       used 26794K, committed 27200K, reserved 1114112K
  class space    used 3636K, committed 3840K, reserved 1048576K
}
Event: 5.021 GC heap before
{Heap before GC invocations=8 (full 0):
 garbage-first heap   total 151552K, used 106666K [0x0000000083600000, 0x0000000100000000)
  region size 1024K, 83 young (84992K), 3 survivors (3072K)
 Metaspace       used 35686K, committed 36096K, reserved 1114112K
  class space    used 5011K, committed 5184K, reserved 1048576K
}
Event: 5.028 GC heap after
{Heap after GC invocations=9 (full 0):
 garbage-first heap   total 151552K, used 31391K [0x0000000083600000, 0x0000000100000000)
  region size 1024K, 7 young (7168K), 7 survivors (7168K)
 Metaspace       used 35686K, committed 36096K, reserved 1114112K
  class space    used 5011K, committed 5184K, reserved 1048576K
}
Event: 5.949 GC heap before
{Heap before GC invocations=10 (full 0):
 garbage-first heap   total 109568K, used 90783K [0x0000000083600000, 0x0000000100000000)
  region size 1024K, 64 young (65536K), 7 survivors (7168K)
 Metaspace       used 43893K, committed 44352K, reserved 1114112K
  class space    used 6238K, committed 6464K, reserved 1048576K
}
Event: 5.956 GC heap after
{Heap after GC invocations=11 (full 0):
 garbage-first heap   total 109568K, used 34690K [0x0000000083600000, 0x0000000100000000)
  region size 1024K, 4 young (4096K), 4 survivors (4096K)
 Metaspace       used 43893K, committed 44352K, reserved 1114112K
  class space    used 6238K, committed 6464K, reserved 1048576K
}

