# JRE version: Java(TM) SE Runtime Environment (17.0.9+11) (build 17.0.9+11-LTS-201)
# Java VM: Java HotSpot(TM) 64-Bit Server VM (17.0.9+11-LTS-201, mixed mode, emulated-client, sharing, tiered, compressed oops, compressed class ptrs, g1 gc, windows-amd64)
GC Precious Log:
 CPUs: 16 total, 16 available
 Memory: 7971M
 Large Page Support: Disabled
 NUMA Support: Disabled
 Compressed Oops: Enabled (32-bit)
 Heap Region Size: 1M
 Heap Min Capacity: 8M
 Heap Initial Capacity: 126M
 Heap Max Capacity: 1994M
 Pre-touch: Disabled
 Parallel Workers: 13
 Concurrent Workers: 3
 Concurrent Refinement Workers: 13
 Periodic GC: Disabled
Heap:
 garbage-first heap   total 91136K, used 52339K [0x0000000083600000, 0x0000000100000000)
  region size 1024K, 4 young (4096K), 4 survivors (4096K)
 Metaspace       used 76059K, committed 76736K, reserved 1179648K
  class space    used 11064K, committed 11392K, reserved 1048576K
GC Heap History (20 events):
Event: 3.960 GC heap after
{Heap after GC invocations=9 (full 0):
 garbage-first heap   total 91136K, used 29724K [0x0000000083600000, 0x0000000100000000)
  region size 1024K, 3 young (3072K), 3 survivors (3072K)
 Metaspace       used 32009K, committed 32320K, reserved 1114112K
  class space    used 4452K, committed 4608K, reserved 1048576K
}
Event: 4.508 GC heap before
{Heap before GC invocations=9 (full 0):
 garbage-first heap   total 91136K, used 56348K [0x0000000083600000, 0x0000000100000000)
  region size 1024K, 30 young (30720K), 3 survivors (3072K)
 Metaspace       used 35686K, committed 36096K, reserved 1114112K
  class space    used 5007K, committed 5184K, reserved 1048576K
}
Event: 4.515 GC heap after
{Heap after GC invocations=10 (full 0):
 garbage-first heap   total 91136K, used 31612K [0x0000000083600000, 0x0000000100000000)
  region size 1024K, 5 young (5120K), 5 survivors (5120K)
 Metaspace       used 35686K, committed 36096K, reserved 1114112K
  class space    used 5007K, committed 5184K, reserved 1048576K
}
Event: 5.295 GC heap before
{Heap before GC invocations=11 (full 0):
 garbage-first heap   total 91136K, used 71548K [0x0000000083600000, 0x0000000100000000)
  region size 1024K, 43 young (44032K), 5 survivors (5120K)
 Metaspace       used 39030K, committed 39552K, reserved 1114112K
  class space    used 5498K, committed 5760K, reserved 1048576K
}
Event: 5.299 GC heap after
{Heap after GC invocations=12 (full 0):
 garbage-first heap   total 91136K, used 34243K [0x0000000083600000, 0x0000000100000000)
  region size 1024K, 5 young (5120K), 5 survivors (5120K)
 Metaspace       used 39030K, committed 39552K, reserved 1114112K
  class space    used 5498K, committed 5760K, reserved 1048576K
}
Event: 5.902 GC heap before
{Heap before GC invocations=12 (full 0):
 garbage-first heap   total 91136K, used 72131K [0x0000000083600000, 0x0000000100000000)
  region size 1024K, 42 young (43008K), 5 survivors (5120K)
 Metaspace       used 47480K, committed 48000K, reserved 1114112K
  class space    used 6721K, committed 6976K, reserved 1048576K
}
Event: 5.907 GC heap after
{Heap after GC invocations=13 (full 0):
 garbage-first heap   total 91136K, used 36461K [0x0000000083600000, 0x0000000100000000)
  region size 1024K, 5 young (5120K), 5 survivors (5120K)
 Metaspace       used 47480K, committed 48000K, reserved 1114112K
  class space    used 6721K, committed 6976K, reserved 1048576K
}
Event: 6.629 GC heap before
{Heap before GC invocations=13 (full 0):
 garbage-first heap   total 91136K, used 72301K [0x0000000083600000, 0x0000000100000000)
  region size 1024K, 40 young (40960K), 5 survivors (5120K)
 Metaspace       used 56654K, committed 57216K, reserved 1114112K
  class space    used 7946K, committed 8256K, reserved 1048576K
}
Event: 6.634 GC heap after
{Heap after GC invocations=14 (full 0):
 garbage-first heap   total 91136K, used 39182K [0x0000000083600000, 0x0000000100000000)
  region size 1024K, 5 young (5120K), 5 survivors (5120K)
 Metaspace       used 56654K, committed 57216K, reserved 1114112K
  class space    used 7946K, committed 8256K, reserved 1048576K
}
Event: 6.824 GC heap before
{Heap before GC invocations=14 (full 0):
 garbage-first heap   total 91136K, used 55566K [0x0000000083600000, 0x0000000100000000)
  region size 1024K, 22 young (22528K), 5 survivors (5120K)
 Metaspace       used 59750K, committed 60288K, reserved 1114112K
  class space    used 8445K, committed 8704K, reserved 1048576K
}
Event: 6.828 GC heap after
{Heap after GC invocations=15 (full 0):
 garbage-first heap   total 91136K, used 40128K [0x0000000083600000, 0x0000000100000000)
  region size 1024K, 2 young (2048K), 2 survivors (2048K)
 Metaspace       used 59750K, committed 60288K, reserved 1114112K
  class space    used 8445K, committed 8704K, reserved 1048576K
}
Event: 7.151 GC heap before
{Heap before GC invocations=16 (full 0):
 garbage-first heap   total 91136K, used 72896K [0x0000000083600000, 0x0000000100000000)
  region size 1024K, 34 young (34816K), 2 survivors (2048K)
 Metaspace       used 63610K, committed 64128K, reserved 1114112K
  class space    used 9131K, committed 9408K, reserved 1048576K
}
Event: 7.153 GC heap after
{Heap after GC invocations=17 (full 0):
 garbage-first heap   total 91136K, used 40658K [0x0000000083600000, 0x0000000100000000)
  region size 1024K, 2 young (2048K), 2 survivors (2048K)
 Metaspace       used 63610K, committed 64128K, reserved 1114112K
  class space    used 9131K, committed 9408K, reserved 1048576K
}
Event: 7.747 GC heap before
{Heap before GC invocations=17 (full 0):
 garbage-first heap   total 91136K, used 73426K [0x0000000083600000, 0x0000000100000000)
  region size 1024K, 34 young (34816K), 2 survivors (2048K)
 Metaspace       used 67770K, committed 68416K, reserved 1114112K
  class space    used 9764K, committed 10048K, reserved 1048576K
}
Event: 7.749 GC heap after
{Heap after GC invocations=18 (full 0):
 garbage-first heap   total 91136K, used 42677K [0x0000000083600000, 0x0000000100000000)
  region size 1024K, 4 young (4096K), 4 survivors (4096K)
 Metaspace       used 67770K, committed 68416K, reserved 1114112K
  class space    used 9764K, committed 10048K, reserved 1048576K
}
Event: 8.039 GC heap before
{Heap before GC invocations=18 (full 0):
 garbage-first heap   total 91136K, used 74421K [0x0000000083600000, 0x0000000100000000)
  region size 1024K, 35 young (35840K), 4 survivors (4096K)
 Metaspace       used 70977K, committed 71616K, reserved 1114112K
  class space    used 10184K, committed 10496K, reserved 1048576K
}
Event: 8.043 GC heap after
{Heap after GC invocations=19 (full 0):
 garbage-first heap   total 91136K, used 45039K [0x0000000083600000, 0x0000000100000000)
  region size 1024K, 5 young (5120K), 5 survivors (5120K)
 Metaspace       used 70977K, committed 71616K, reserved 1114112K
  class space    used 10184K, committed 10496K, reserved 1048576K
}
Event: 8.343 GC heap before
{Heap before GC invocations=19 (full 0):
 garbage-first heap   total 91136K, used 74735K [0x0000000083600000, 0x0000000100000000)
  region size 1024K, 34 young (34816K), 5 survivors (5120K)
 Metaspace       used 75037K, committed 75648K, reserved 1114112K
  class space    used 10841K, committed 11136K, reserved 1048576K
}
Event: 8.347 GC heap after
{Heap after GC invocations=20 (full 0):
 garbage-first heap   total 91136K, used 47235K [0x0000000083600000, 0x0000000100000000)
  region size 1024K, 5 young (5120K), 5 survivors (5120K)
 Metaspace       used 75037K, committed 75648K, reserved 1114112K
  class space    used 10841K, committed 11136K, reserved 1048576K
}
Event: 8.436 GC heap before
{Heap before GC invocations=20 (full 0):
 garbage-first heap   total 91136K, used 74883K [0x0000000083600000, 0x0000000100000000)
  region size 1024K, 32 young (32768K), 5 survivors (5120K)
 Metaspace       used 76059K, committed 76736K, reserved 1179648K
  class space    used 11064K, committed 11392K, reserved 1048576K
}

